
> dynamic-recipe-app@0.1.0 build
> next build

Î“ĂśĂˇ Warning: Next.js inferred your workspace root, but it may not be correct.
 We detected multiple lockfiles and selected the directory of C:\Users\august\yarn.lock as the root directory.
 To silence this warning, set `turbopack.root` in your Next.js config, or consider removing one of the lockfiles if it's not needed.
   See https://nextjs.org/docs/app/api-reference/config/next-config-js/turbopack#root-directory for more information.
 Detected additional lockfiles: 
   * C:\Users\august\Desktop\Codetrain\ai_codetrain\exercise\dynamic-recipe-app\package-lock.json

Î“Ă»â–“ Next.js 16.2.6 (Turbopack)
- Environments: .env.local

  Creating an optimized production build ...
Î“ÂŁĂ´ Compiled successfully in 4.8s
  Running TypeScript ...
  Finished TypeScript in 6.5s ...
  Collecting page data using 11 workers ...
  Generating static pages using 11 workers (0/41) ...
  Generating static pages using 11 workers (10/41) 
  Generating static pages using 11 workers (20/41) 
  Generating static pages using 11 workers (30/41) 
Î“ÂŁĂ´ Generating static pages using 11 workers (41/41) in 660ms
  Finalizing page optimization ...

Route (app)
Î“Ă¶Ă® Î“ĂąĂŻ /
Î“Ă¶ÂŁ Î“ĂąĂŻ /_not-found
Î“Ă¶ÂŁ â•žĂ† /api/ai/import-url
Î“Ă¶ÂŁ â•žĂ† /api/ai/modify
Î“Ă¶ÂŁ â•žĂ† /api/ai/rescue
Î“Ă¶ÂŁ â•žĂ† /api/ai/scan
Î“Ă¶ÂŁ â•žĂ† /api/chat
Î“Ă¶ÂŁ â•žĂ† /api/debug/env
Î“Ă¶ÂŁ â•žĂ† /api/explore
Î“Ă¶ÂŁ â•žĂ† /api/favorites
Î“Ă¶ÂŁ â•žĂ† /api/fridge
Î“Ă¶ÂŁ â•žĂ† /api/fridge/expiring-count
Î“Ă¶ÂŁ â•žĂ† /api/fridge/suggestions
Î“Ă¶ÂŁ â•žĂ† /api/meal-plan
Î“Ă¶ÂŁ â•žĂ† /api/meal-plan/shopping-list
Î“Ă¶ÂŁ â•žĂ† /api/notifications/email
Î“Ă¶ÂŁ â•žĂ† /api/notifications/push/send
Î“Ă¶ÂŁ â•žĂ† /api/notifications/push/subscribe
Î“Ă¶ÂŁ â•žĂ† /api/profile
Î“Ă¶ÂŁ â•žĂ† /api/profile/delete
Î“Ă¶ÂŁ â•žĂ† /api/profile/password
Î“Ă¶ÂŁ â•žĂ† /api/ratings
Î“Ă¶ÂŁ â•žĂ† /api/recipes
Î“Ă¶ÂŁ â•žĂ† /api/recipes/visibility
Î“Ă¶ÂŁ â•žĂ† /api/search
Î“Ă¶ÂŁ â•žĂ† /api/seed-categories
Î“Ă¶ÂŁ â•žĂ† /api/shopping-list
Î“Ă¶ÂŁ â•žĂ† /api/tags
Î“Ă¶ÂŁ â•žĂ† /api/upload
Î“Ă¶ÂŁ â•žĂ† /dashboard
Î“Ă¶ÂŁ Î“ĂąĂŻ /explore
Î“Ă¶ÂŁ Î“ĂąĂŻ /fridge
Î“Ă¶ÂŁ Î“ĂąĂŻ /login
Î“Ă¶ÂŁ Î“ĂąĂŻ /meal-plan
Î“Ă¶ÂŁ Î“ĂąĂŻ /profile
Î“Ă¶ÂŁ â•žĂ† /recipes/[id]
Î“Ă¶ÂŁ â•žĂ† /recipes/create
Î“Ă¶ÂŁ Î“ĂąĂŻ /register
Î“Ă¶ÂŁ Î“ĂąĂŻ /shopping-list
Î“Ă¶Ă¶ Î“ĂąĂŻ /stats


â•žĂ† Proxy (Middleware)

Î“ĂąĂŻ  (Static)   prerendered as static content
â•žĂ†  (Dynamic)  server-rendered on demand

